<?xml version="1.0" encoding="utf-8" standalone="no"?>
<!--This file represents the results of running a test suite-->
<test-results name="C:\Desarrollo\MSBuildProject\MSBuildProjectClass\bin\Debug\MSBuildProjectClass.dll" total="0" errors="0" failures="0" not-run="0" inconclusive="0" ignored="0" skipped="0" invalid="0" date="2012-07-31" time="13:42:23">
  <environment nunit-version="2.6.0.12051" clr-version="2.0.50727.5456" os-version="Microsoft Windows NT 6.1.7601 Service Pack 1" platform="Win32NT" cwd="C:\Desarrollo\MSBuildProject" machine-name="P-ANPL-ALM" user="Administrator" user-domain="P-ANPL-ALM" />
  <culture-info current-culture="es-ES" current-uiculture="en-US" />
  <test-suite type="Assembly" name="C:\Desarrollo\MSBuildProject\MSBuildProjectClass\bin\Debug\MSBuildProjectClass.dll" executed="True" result="Inconclusive" success="False" time="0.031" asserts="0" />
</test-results>